Assembler report for eecs301_lab6
Fri Jul 29 15:07:30 2016
Quartus Prime Version 15.1.0 Build 185 10/21/2015 SJ Standard Edition


---------------------
; Table of Contents ;
---------------------
  1. Legal Notice
  2. Assembler Summary
  3. Assembler Settings
  4. Assembler Encrypted IP Cores Summary
  5. Assembler Generated Files
  6. Assembler Device Options: C:/Users/Jonathan/Desktop/Dropbox/EECS301/Lab 6/Lab 6 Code/eecs301_lab6.sof
  7. Assembler Messages



----------------
; Legal Notice ;
----------------
Copyright (C) 1991-2015 Altera Corporation. All rights reserved.
Your use of Altera Corporation's design tools, logic functions 
and other software and tools, and its AMPP partner logic 
functions, and any output files from any of the foregoing 
(including device programming or simulation files), and any 
associated documentation or information are expressly subject 
to the terms and conditions of the Altera Program License 
Subscription Agreement, the Altera Quartus Prime License Agreement,
the Altera MegaCore Function License Agreement, or other 
applicable license agreement, including, without limitation, 
that your use is for the sole purpose of programming logic 
devices manufactured by Altera and sold by Altera or its 
authorized distributors.  Please refer to the applicable 
agreement for further details.



+---------------------------------------------------------------+
; Assembler Summary                                             ;
+-----------------------+---------------------------------------+
; Assembler Status      ; Successful - Fri Jul 29 15:07:30 2016 ;
; Revision Name         ; eecs301_lab6                          ;
; Top-level Entity Name ; eecs301_lab6                          ;
; Family                ; Cyclone V                             ;
; Device                ; 5CSEMA5F31C6                          ;
+-----------------------+---------------------------------------+


+----------------------------------+
; Assembler Settings               ;
+--------+---------+---------------+
; Option ; Setting ; Default Value ;
+--------+---------+---------------+


+--------------------------------------------------+
; Assembler Encrypted IP Cores Summary             ;
+--------+--------------------------+--------------+
; Vendor ; IP Core Name             ; License Type ;
+--------+--------------------------+--------------+
; Altera ; NCO Compiler (6AF7 0014) ; Licensed     ;
+--------+--------------------------+--------------+


+-----------------------------------------------------------------------------+
; Assembler Generated Files                                                   ;
+-----------------------------------------------------------------------------+
; File Name                                                                   ;
+-----------------------------------------------------------------------------+
; C:/Users/Jonathan/Desktop/Dropbox/EECS301/Lab 6/Lab 6 Code/eecs301_lab6.sof ;
+-----------------------------------------------------------------------------+


+-------------------------------------------------------------------------------------------------------+
; Assembler Device Options: C:/Users/Jonathan/Desktop/Dropbox/EECS301/Lab 6/Lab 6 Code/eecs301_lab6.sof ;
+----------------+--------------------------------------------------------------------------------------+
; Option         ; Setting                                                                              ;
+----------------+--------------------------------------------------------------------------------------+
; Device         ; 5CSEMA5F31C6                                                                         ;
; JTAG usercode  ; 0x00C75485                                                                           ;
; Checksum       ; 0x00C75485                                                                           ;
+----------------+--------------------------------------------------------------------------------------+


+--------------------+
; Assembler Messages ;
+--------------------+
Info: *******************************************************************
Info: Running Quartus Prime Assembler
    Info: Version 15.1.0 Build 185 10/21/2015 SJ Standard Edition
    Info: Processing started: Fri Jul 29 15:07:20 2016
Info: Command: quartus_asm --read_settings_files=off --write_settings_files=off eecs301_lab6 -c eecs301_lab6
Info (115030): Assembler is generating device programming files
Warning (12914): The file, C:/Users/Jonathan/Desktop/Dropbox/EECS301/Lab 6/Lab 6 Code/NCO_Lab3.sopcinfo, is not embedded into sof file as expected.  Some tools, such as System Console, may not function fully.
Info: Quartus Prime Assembler was successful. 0 errors, 1 warning
    Info: Peak virtual memory: 895 megabytes
    Info: Processing ended: Fri Jul 29 15:07:32 2016
    Info: Elapsed time: 00:00:12
    Info: Total CPU time (on all processors): 00:00:10


