Flow report for eecs301_lab2
Tue Jun 28 18:03:26 2016
Quartus Prime Version 15.1.0 Build 185 10/21/2015 SJ Standard Edition


---------------------
; Table of Contents ;
---------------------
  1. Legal Notice
  2. Flow Summary
  3. Flow Settings
  4. Flow Non-Default Global Settings
  5. Flow Elapsed Time
  6. Flow OS Summary
  7. Flow Log
  8. Flow Messages
  9. Flow Suppressed Messages



----------------
; Legal Notice ;
----------------
Copyright (C) 1991-2015 Altera Corporation. All rights reserved.
Your use of Altera Corporation's design tools, logic functions 
and other software and tools, and its AMPP partner logic 
functions, and any output files from any of the foregoing 
(including device programming or simulation files), and any 
associated documentation or information are expressly subject 
to the terms and conditions of the Altera Program License 
Subscription Agreement, the Altera Quartus Prime License Agreement,
the Altera MegaCore Function License Agreement, or other 
applicable license agreement, including, without limitation, 
that your use is for the sole purpose of programming logic 
devices manufactured by Altera and sold by Altera or its 
authorized distributors.  Please refer to the applicable 
agreement for further details.



+-----------------------------------------------------------------------------------+
; Flow Summary                                                                      ;
+---------------------------------+-------------------------------------------------+
; Flow Status                     ; Successful - Tue Jun 28 18:02:58 2016           ;
; Quartus Prime Version           ; 15.1.0 Build 185 10/21/2015 SJ Standard Edition ;
; Revision Name                   ; eecs301_lab2                                    ;
; Top-level Entity Name           ; eecs301_lab2                                    ;
; Family                          ; Cyclone V                                       ;
; Device                          ; 5CSEMA5F31C6                                    ;
; Timing Models                   ; Final                                           ;
; Logic utilization (in ALMs)     ; 216 / 32,070 ( < 1 % )                          ;
; Total registers                 ; 390                                             ;
; Total pins                      ; 175 / 457 ( 38 % )                              ;
; Total virtual pins              ; 0                                               ;
; Total block memory bits         ; 128 / 4,065,280 ( < 1 % )                       ;
; Total PLLs                      ; 0 / 6 ( 0 % )                                   ;
; Total DLLs                      ; 0 / 4 ( 0 % )                                   ;
; Total DSP Blocks                ; 0 / 87 ( 0 % )                                  ;
; Total HSSI RX PCSs              ; 0                                               ;
; Total HSSI PMA RX Deserializers ; 0                                               ;
; Total HSSI TX PCSs              ; 0                                               ;
; Total HSSI PMA TX Serializers   ; 0                                               ;
+---------------------------------+-------------------------------------------------+


+-----------------------------------------+
; Flow Settings                           ;
+-------------------+---------------------+
; Option            ; Setting             ;
+-------------------+---------------------+
; Start date & time ; 06/28/2016 17:06:31 ;
; Main task         ; Compilation         ;
; Revision Name     ; eecs301_lab2        ;
+-------------------+---------------------+


+------------------------------------------------------------------------------------------------------------------------+
; Flow Non-Default Global Settings                                                                                       ;
+-------------------------------------+---------------------------------------+---------------+-------------+------------+
; Assignment Name                     ; Value                                 ; Default Value ; Entity Name ; Section Id ;
+-------------------------------------+---------------------------------------+---------------+-------------+------------+
; COMPILER_SIGNATURE_ID               ; 1099450062776.146714799002876         ; --            ; --          ; --         ;
; MAX_CORE_JUNCTION_TEMP              ; 85                                    ; --            ; --          ; --         ;
; MIN_CORE_JUNCTION_TEMP              ; 0                                     ; --            ; --          ; --         ;
; PARTITION_COLOR                     ; 16764057                              ; --            ; --          ; Top        ;
; PARTITION_FITTER_PRESERVATION_LEVEL ; PLACEMENT_AND_ROUTING                 ; --            ; --          ; Top        ;
; PARTITION_NETLIST_TYPE              ; SOURCE                                ; --            ; --          ; Top        ;
; POWER_BOARD_THERMAL_MODEL           ; None (CONSERVATIVE)                   ; --            ; --          ; --         ;
; POWER_PRESET_COOLING_SOLUTION       ; 23 MM HEAT SINK WITH 200 LFPM AIRFLOW ; --            ; --          ; --         ;
; SMART_RECOMPILE                     ; On                                    ; Off           ; --          ; --         ;
+-------------------------------------+---------------------------------------+---------------+-------------+------------+


+-------------------------------------------------------------------------------------------------------------------------------+
; Flow Elapsed Time                                                                                                             ;
+---------------------------+--------------+-------------------------+---------------------+------------------------------------+
; Module Name               ; Elapsed Time ; Average Processors Used ; Peak Virtual Memory ; Total CPU Time (on all processors) ;
+---------------------------+--------------+-------------------------+---------------------+------------------------------------+
; Analysis & Synthesis      ; 00:00:13     ; 1.0                     ; 842 MB              ; 00:00:29                           ;
; Fitter                    ; 00:00:46     ; 1.0                     ; 2202 MB             ; 00:01:09                           ;
; Assembler                 ; 00:00:19     ; 1.0                     ; 865 MB              ; 00:00:10                           ;
; TimeQuest Timing Analyzer ; 00:00:07     ; 1.0                     ; 1120 MB             ; 00:00:08                           ;
; Analysis & Synthesis      ; 00:00:36     ; 1.0                     ; 931 MB              ; 00:01:02                           ;
; Partition Merge           ; 00:00:12     ; 1.0                     ; 947 MB              ; 00:00:02                           ;
; Fitter                    ; 00:01:27     ; 1.0                     ; 2358 MB             ; 00:01:42                           ;
; Assembler                 ; 00:00:30     ; 1.0                     ; 877 MB              ; 00:00:10                           ;
; TimeQuest Timing Analyzer ; 00:00:18     ; 1.1                     ; 1186 MB             ; 00:00:12                           ;
; Analysis & Synthesis      ; 00:00:42     ; 1.0                     ; 933 MB              ; 00:01:03                           ;
; Partition Merge           ; 00:00:14     ; 1.0                     ; 967 MB              ; 00:00:03                           ;
; Fitter                    ; 00:01:04     ; 1.0                     ; 2254 MB             ; 00:00:58                           ;
; Assembler                 ; 00:00:20     ; 1.0                     ; 875 MB              ; 00:00:10                           ;
; TimeQuest Timing Analyzer ; 00:00:27     ; 1.1                     ; 1198 MB             ; 00:00:17                           ;
; Analysis & Synthesis      ; 00:00:29     ; 1.0                     ; 928 MB              ; 00:01:02                           ;
; Partition Merge           ; 00:00:11     ; 1.0                     ; 803 MB              ; 00:00:01                           ;
; Fitter                    ; 00:01:26     ; 1.0                     ; 2313 MB             ; 00:02:02                           ;
; Assembler                 ; 00:00:12     ; 1.0                     ; 872 MB              ; 00:00:12                           ;
; TimeQuest Timing Analyzer ; 00:00:27     ; 1.1                     ; 1186 MB             ; 00:00:16                           ;
; Analysis & Synthesis      ; 00:01:19     ; 1.0                     ; 932 MB              ; 00:01:04                           ;
; Partition Merge           ; 00:00:31     ; 1.0                     ; 799 MB              ; 00:00:01                           ;
; Fitter                    ; 00:01:46     ; 1.0                     ; 2314 MB             ; 00:01:50                           ;
; Assembler                 ; 00:00:20     ; 1.0                     ; 871 MB              ; 00:00:10                           ;
; TimeQuest Timing Analyzer ; 00:00:37     ; 1.1                     ; 1190 MB             ; 00:00:13                           ;
; Analysis & Synthesis      ; 00:02:37     ; 1.7                     ; 932 MB              ; 00:01:25                           ;
; Partition Merge           ; 00:00:31     ; 1.0                     ; 803 MB              ; 00:00:01                           ;
; Fitter                    ; 00:02:12     ; 1.0                     ; 2277 MB             ; 00:01:48                           ;
; Assembler                 ; 00:00:50     ; 1.0                     ; 876 MB              ; 00:00:10                           ;
; TimeQuest Timing Analyzer ; 00:00:24     ; 1.2                     ; 1187 MB             ; 00:00:12                           ;
; Total                     ; 00:21:07     ; --                      ; --                  ; 00:18:02                           ;
+---------------------------+--------------+-------------------------+---------------------+------------------------------------+


+----------------------------------------------------------------------------------------+
; Flow OS Summary                                                                        ;
+---------------------------+------------------+-----------+------------+----------------+
; Module Name               ; Machine Hostname ; OS Name   ; OS Version ; Processor type ;
+---------------------------+------------------+-----------+------------+----------------+
; Analysis & Synthesis      ; MacWin           ; Windows 8 ; 6.2        ; x86_64         ;
; Fitter                    ; MacWin           ; Windows 8 ; 6.2        ; x86_64         ;
; Assembler                 ; MacWin           ; Windows 8 ; 6.2        ; x86_64         ;
; TimeQuest Timing Analyzer ; MacWin           ; Windows 8 ; 6.2        ; x86_64         ;
; Analysis & Synthesis      ; MacWin           ; Windows 8 ; 6.2        ; x86_64         ;
; Partition Merge           ; MacWin           ; Windows 8 ; 6.2        ; x86_64         ;
; Fitter                    ; MacWin           ; Windows 8 ; 6.2        ; x86_64         ;
; Assembler                 ; MacWin           ; Windows 8 ; 6.2        ; x86_64         ;
; TimeQuest Timing Analyzer ; MacWin           ; Windows 8 ; 6.2        ; x86_64         ;
; Analysis & Synthesis      ; MacWin           ; Windows 8 ; 6.2        ; x86_64         ;
; Partition Merge           ; MacWin           ; Windows 8 ; 6.2        ; x86_64         ;
; Fitter                    ; MacWin           ; Windows 8 ; 6.2        ; x86_64         ;
; Assembler                 ; MacWin           ; Windows 8 ; 6.2        ; x86_64         ;
; TimeQuest Timing Analyzer ; MacWin           ; Windows 8 ; 6.2        ; x86_64         ;
; Analysis & Synthesis      ; MacWin           ; Windows 8 ; 6.2        ; x86_64         ;
; Partition Merge           ; MacWin           ; Windows 8 ; 6.2        ; x86_64         ;
; Fitter                    ; MacWin           ; Windows 8 ; 6.2        ; x86_64         ;
; Assembler                 ; MacWin           ; Windows 8 ; 6.2        ; x86_64         ;
; TimeQuest Timing Analyzer ; MacWin           ; Windows 8 ; 6.2        ; x86_64         ;
; Analysis & Synthesis      ; MacWin           ; Windows 8 ; 6.2        ; x86_64         ;
; Partition Merge           ; MacWin           ; Windows 8 ; 6.2        ; x86_64         ;
; Fitter                    ; MacWin           ; Windows 8 ; 6.2        ; x86_64         ;
; Assembler                 ; MacWin           ; Windows 8 ; 6.2        ; x86_64         ;
; TimeQuest Timing Analyzer ; MacWin           ; Windows 8 ; 6.2        ; x86_64         ;
; Analysis & Synthesis      ; MacWin           ; Windows 8 ; 6.2        ; x86_64         ;
; Partition Merge           ; MacWin           ; Windows 8 ; 6.2        ; x86_64         ;
; Fitter                    ; MacWin           ; Windows 8 ; 6.2        ; x86_64         ;
; Assembler                 ; MacWin           ; Windows 8 ; 6.2        ; x86_64         ;
; TimeQuest Timing Analyzer ; MacWin           ; Windows 8 ; 6.2        ; x86_64         ;
+---------------------------+------------------+-----------+------------+----------------+


------------
; Flow Log ;
------------
quartus_map --read_settings_files=on --write_settings_files=off eecs301_lab2 -c eecs301_lab2
quartus_fit --read_settings_files=off --write_settings_files=off eecs301_lab2 -c eecs301_lab2
quartus_asm --read_settings_files=off --write_settings_files=off eecs301_lab2 -c eecs301_lab2
quartus_sta eecs301_lab2 -c eecs301_lab2
quartus_map --read_settings_files=on --write_settings_files=off eecs301_lab2 -c eecs301_lab2
quartus_cdb --read_settings_files=off --write_settings_files=off eecs301_lab2 -c eecs301_lab2 --merge=on
quartus_fit --read_settings_files=off --write_settings_files=off eecs301_lab2 -c eecs301_lab2
quartus_asm --read_settings_files=off --write_settings_files=off eecs301_lab2 -c eecs301_lab2
quartus_sta eecs301_lab2 -c eecs301_lab2
quartus_map --read_settings_files=on --write_settings_files=off eecs301_lab2 -c eecs301_lab2 --recompile=on
quartus_cdb --read_settings_files=on --write_settings_files=off eecs301_lab2 -c eecs301_lab2 --merge=on --recompile=on
quartus_fit --read_settings_files=off --write_settings_files=off eecs301_lab2 -c eecs301_lab2 --recompile=on
quartus_asm --read_settings_files=off --write_settings_files=off eecs301_lab2 -c eecs301_lab2
quartus_sta eecs301_lab2 -c eecs301_lab2
quartus_map --read_settings_files=on --write_settings_files=off eecs301_lab2 -c eecs301_lab2
quartus_cdb --read_settings_files=off --write_settings_files=off eecs301_lab2 -c eecs301_lab2 --merge=on
quartus_fit --read_settings_files=off --write_settings_files=off eecs301_lab2 -c eecs301_lab2
quartus_asm --read_settings_files=off --write_settings_files=off eecs301_lab2 -c eecs301_lab2
quartus_sta eecs301_lab2 -c eecs301_lab2
quartus_map --read_settings_files=on --write_settings_files=off eecs301_lab2 -c eecs301_lab2
quartus_cdb --read_settings_files=off --write_settings_files=off eecs301_lab2 -c eecs301_lab2 --merge=on
quartus_fit --read_settings_files=off --write_settings_files=off eecs301_lab2 -c eecs301_lab2
quartus_asm --read_settings_files=off --write_settings_files=off eecs301_lab2 -c eecs301_lab2
quartus_sta eecs301_lab2 -c eecs301_lab2
quartus_map --read_settings_files=on --write_settings_files=off eecs301_lab2 -c eecs301_lab2
quartus_cdb --read_settings_files=off --write_settings_files=off eecs301_lab2 -c eecs301_lab2 --merge=on
quartus_fit --read_settings_files=off --write_settings_files=off eecs301_lab2 -c eecs301_lab2
quartus_asm --read_settings_files=off --write_settings_files=off eecs301_lab2 -c eecs301_lab2
quartus_sta eecs301_lab2 -c eecs301_lab2



